[2025-08-09 17:34:34] warn: POST /login 401 - 241.80ms
[2025-08-09 17:34:34] warn: POST /login 401 - 2.40ms
[2025-08-09 17:34:34] warn: POST /login 401 - 1.34ms
[2025-08-09 17:34:34] warn: POST /login 401 - 1.27ms
[2025-08-09 17:34:34] info: GET /items 200 - 2.89ms
[2025-08-09 17:34:34] info: GET /items 200 - 1.99ms
[2025-08-09 17:34:34] info: GET /items 200 - 0.95ms
[2025-08-09 17:34:34] info: POST /items 201 - 1.66ms
[2025-08-09 17:34:34] warn: POST /items 400 - 2.04ms
[2025-08-09 17:34:34] info: POST /items 201 - 3.84ms
[2025-08-09 17:34:34] info: PUT /items/3 200 - 1.59ms
[2025-08-09 17:34:34] warn: PUT /items/999 404 - 1.40ms
[2025-08-09 17:34:34] info: POST /items 201 - 1.39ms
[2025-08-09 17:34:34] info: DELETE /items/3 204 - 1.34ms
[2025-08-09 17:34:34] warn: DELETE /items/9999 404 - 3.49ms
[2025-08-09 17:38:19] warn: POST /login 401 - 49.74ms
[2025-08-09 17:38:19] warn: POST /login 401 - 2.03ms
[2025-08-09 17:38:19] warn: POST /login 401 - 1.70ms
[2025-08-09 17:38:19] warn: POST /login 401 - 1.67ms
[2025-08-09 17:38:19] info: GET /items 200 - 2.28ms
[2025-08-09 17:38:19] info: GET /items 200 - 1.42ms
[2025-08-09 17:38:19] info: GET /items 200 - 0.92ms
[2025-08-09 17:38:19] info: POST /items 201 - 1.74ms
[2025-08-09 17:38:19] warn: POST /items 400 - 2.71ms
[2025-08-09 17:38:19] info: POST /items 201 - 6.72ms
[2025-08-09 17:38:19] info: PUT /items/3 200 - 1.76ms
[2025-08-09 17:38:19] warn: PUT /items/999 404 - 2.18ms
[2025-08-09 17:38:19] info: POST /items 201 - 1.24ms
[2025-08-09 17:38:19] info: DELETE /items/3 204 - 3.37ms
[2025-08-09 17:38:19] warn: DELETE /items/9999 404 - 0.94ms
[2025-08-09 17:45:36] error: POST /login 500 - 119.32ms
[2025-08-09 17:45:36] warn: POST /login 401 - 3.55ms
[2025-08-09 17:45:36] warn: POST /login 401 - 3.42ms
[2025-08-09 17:45:36] warn: POST /login 401 - 3.32ms
[2025-08-09 17:45:36] info: GET /items 200 - 2.03ms
[2025-08-09 17:45:36] info: GET /items 200 - 2.23ms
[2025-08-09 17:45:36] info: GET /items 200 - 4.26ms
[2025-08-09 17:45:36] info: POST /items 201 - 2.45ms
[2025-08-09 17:45:36] warn: POST /items 400 - 3.56ms
[2025-08-09 17:45:36] info: POST /items 201 - 6.41ms
[2025-08-09 17:45:36] info: PUT /items/22 200 - 2.68ms
[2025-08-09 17:45:36] warn: PUT /items/999 404 - 17.83ms
[2025-08-09 17:45:36] info: POST /items 201 - 3.77ms
[2025-08-09 17:45:36] info: DELETE /items/27 204 - 1.84ms
[2025-08-09 17:45:36] warn: DELETE /items/9999 404 - 1.72ms
[2025-08-09 17:50:58] info: POST /login 200 - 52.37ms
[2025-08-09 17:50:58] warn: POST /login 401 - 2.25ms
[2025-08-09 17:50:58] warn: POST /login 401 - 1.99ms
[2025-08-09 17:50:58] warn: POST /login 401 - 1.86ms
[2025-08-09 17:50:58] warn: GET /items 401 - 1.98ms
[2025-08-09 17:50:58] warn: GET /items 401 - 4.07ms
[2025-08-09 17:50:58] warn: GET /items 401 - 1.07ms
[2025-08-09 17:50:58] warn: POST /items 401 - 1.72ms
[2025-08-09 17:50:58] warn: POST /items 401 - 3.13ms
[2025-08-09 17:50:58] warn: POST /items 401 - 2.31ms
[2025-08-09 17:50:58] warn: PUT /items/undefined 401 - 1.72ms
[2025-08-09 17:50:58] warn: PUT /items/999 401 - 1.64ms
[2025-08-09 17:50:58] warn: POST /items 401 - 1.25ms
[2025-08-09 17:50:58] warn: DELETE /items/undefined 401 - 1.16ms
[2025-08-09 17:50:58] warn: DELETE /items/9999 401 - 0.92ms
[2025-08-09 17:53:30] info: POST /login 200 - 64.19ms
[2025-08-09 17:53:30] warn: POST /login 401 - 7.67ms
[2025-08-09 17:53:30] warn: POST /login 401 - 7.53ms
[2025-08-09 17:53:30] warn: POST /login 401 - 9.90ms
[2025-08-09 17:53:30] warn: GET /items 401 - 2.52ms
[2025-08-09 17:53:30] warn: GET /items 401 - 1.53ms
[2025-08-09 17:53:30] warn: GET /items 401 - 1.17ms
[2025-08-09 17:53:30] warn: POST /items 401 - 2.77ms
[2025-08-09 17:53:30] warn: POST /items 401 - 3.89ms
[2025-08-09 17:53:30] warn: POST /items 401 - 1.42ms
[2025-08-09 17:53:30] warn: PUT /items/undefined 401 - 4.09ms
[2025-08-09 17:53:30] warn: PUT /items/999 401 - 3.07ms
[2025-08-09 17:53:30] warn: POST /items 401 - 1.67ms
[2025-08-09 17:53:30] warn: DELETE /items/undefined 401 - 1.43ms
[2025-08-09 17:53:30] warn: DELETE /items/9999 401 - 0.92ms
[2025-08-09 17:58:33] warn: POST /login 401 - 49.62ms
[2025-08-09 17:58:33] warn: POST /login 401 - 6.97ms
[2025-08-09 17:58:33] warn: POST /login 401 - 7.93ms
[2025-08-09 17:58:33] warn: POST /login 401 - 9.57ms
[2025-08-09 17:58:33] warn: GET /items 401 - 1.70ms
[2025-08-09 17:58:33] warn: GET /items 401 - 2.17ms
[2025-08-09 17:58:33] warn: GET /items 401 - 3.41ms
[2025-08-09 17:58:33] warn: POST /items 401 - 4.44ms
[2025-08-09 17:58:33] warn: POST /items 401 - 2.57ms
[2025-08-09 17:58:33] warn: POST /items 401 - 1.47ms
[2025-08-09 17:58:33] warn: PUT /items/undefined 401 - 1.71ms
[2025-08-09 17:58:34] warn: PUT /items/999 401 - 1.69ms
[2025-08-09 17:58:34] warn: POST /items 401 - 1.40ms
[2025-08-09 17:58:34] warn: DELETE /items/undefined 401 - 1.71ms
[2025-08-09 17:58:34] warn: DELETE /items/9999 401 - 1.14ms
[2025-08-09 18:00:04] warn: POST /login 401 - 71.87ms
[2025-08-09 18:00:04] warn: POST /login 401 - 10.14ms
[2025-08-09 18:00:04] warn: POST /login 401 - 9.21ms
[2025-08-09 18:00:04] warn: POST /login 401 - 6.09ms
[2025-08-09 18:00:04] warn: GET /items 401 - 1.77ms
[2025-08-09 18:00:04] warn: GET /items 401 - 1.89ms
[2025-08-09 18:00:04] warn: GET /items 401 - 1.01ms
[2025-08-09 18:00:04] warn: POST /items 401 - 2.08ms
[2025-08-09 18:00:04] warn: POST /items 401 - 2.45ms
[2025-08-09 18:00:04] warn: POST /items 401 - 1.41ms
[2025-08-09 18:00:04] warn: PUT /items/undefined 401 - 1.60ms
[2025-08-09 18:00:04] warn: PUT /items/999 401 - 1.74ms
[2025-08-09 18:00:04] warn: POST /items 401 - 1.76ms
[2025-08-09 18:00:04] warn: DELETE /items/undefined 401 - 1.07ms
[2025-08-09 18:00:04] warn: DELETE /items/9999 401 - 0.86ms
[2025-08-09 18:00:57] warn: POST /login 401 - 51.75ms
[2025-08-09 18:00:58] warn: POST /login 401 - 11.04ms
[2025-08-09 18:00:58] warn: POST /login 401 - 8.76ms
[2025-08-09 18:00:58] warn: POST /login 401 - 7.10ms
[2025-08-09 18:00:58] warn: GET /items 401 - 1.68ms
[2025-08-09 18:00:58] warn: GET /items 401 - 3.32ms
[2025-08-09 18:00:58] warn: GET /items 401 - 1.58ms
[2025-08-09 18:00:58] warn: POST /items 401 - 9.11ms
[2025-08-09 18:00:58] warn: POST /items 401 - 4.79ms
[2025-08-09 18:00:58] warn: POST /items 401 - 2.21ms
[2025-08-09 18:00:58] warn: PUT /items/undefined 401 - 2.69ms
[2025-08-09 18:00:58] warn: PUT /items/999 401 - 1.89ms
[2025-08-09 18:00:58] warn: POST /items 401 - 3.02ms
[2025-08-09 18:00:58] warn: DELETE /items/undefined 401 - 2.03ms
[2025-08-09 18:00:58] warn: DELETE /items/9999 401 - 1.96ms
[2025-08-09 18:05:27] warn: POST /login 401 - 62.99ms
[2025-08-09 18:05:28] warn: POST /login 401 - 35.12ms
[2025-08-09 18:05:28] warn: POST /login 401 - 10.50ms
[2025-08-09 18:05:28] warn: POST /login 401 - 6.52ms
[2025-08-09 18:05:28] warn: GET /items 401 - 2.65ms
[2025-08-09 18:05:28] warn: GET /items 401 - 1.74ms
[2025-08-09 18:05:28] warn: GET /items 401 - 1.57ms
[2025-08-09 18:05:28] warn: POST /items 401 - 2.51ms
[2025-08-09 18:05:28] warn: POST /items 401 - 2.78ms
[2025-08-09 18:05:28] warn: POST /items 401 - 1.84ms
[2025-08-09 18:05:28] warn: PUT /items/undefined 401 - 3.47ms
[2025-08-09 18:05:28] warn: PUT /items/999 401 - 1.64ms
[2025-08-09 18:05:28] warn: POST /items 401 - 1.93ms
[2025-08-09 18:05:28] warn: DELETE /items/undefined 401 - 1.11ms
[2025-08-09 18:05:28] warn: DELETE /items/9999 401 - 0.83ms
[2025-08-09 18:07:42] warn: POST /login 401 - 46.79ms
[2025-08-09 18:07:42] warn: POST /login 401 - 8.41ms
[2025-08-09 18:07:42] warn: POST /login 401 - 5.95ms
[2025-08-09 18:07:42] info: POST /login 200 - 14.00ms
[2025-08-09 18:07:42] warn: GET /items 401 - 1.63ms
[2025-08-09 18:07:42] warn: GET /items 401 - 1.17ms
[2025-08-09 18:07:42] warn: GET /items 401 - 1.74ms
[2025-08-09 18:07:42] warn: GET /items 401 - 0.84ms
[2025-08-09 18:07:42] warn: POST /items 401 - 2.18ms
[2025-08-09 18:07:42] warn: POST /items 401 - 2.15ms
[2025-08-09 18:07:42] warn: POST /items 401 - 1.49ms
[2025-08-09 18:07:42] warn: PUT /items/undefined 401 - 1.49ms
[2025-08-09 18:07:42] warn: PUT /items/999 401 - 1.82ms
[2025-08-09 18:07:42] warn: POST /items 401 - 1.38ms
[2025-08-09 18:07:42] warn: DELETE /items/undefined 401 - 0.91ms
[2025-08-09 18:07:42] warn: DELETE /items/9999 401 - 0.83ms
[2025-08-09 18:08:27] info: POST /login 200 - 76.78ms
[2025-08-09 18:08:27] warn: POST /login 401 - 9.82ms
[2025-08-09 18:08:27] warn: POST /login 401 - 9.72ms
[2025-08-09 18:08:27] info: POST /login 200 - 14.67ms
[2025-08-09 18:08:27] warn: GET /items 401 - 5.80ms
[2025-08-09 18:08:27] warn: GET /items 401 - 1.32ms
[2025-08-09 18:08:27] warn: GET /items 401 - 1.88ms
[2025-08-09 18:08:27] warn: GET /items 401 - 1.35ms
[2025-08-09 18:08:27] warn: POST /items 401 - 5.88ms
[2025-08-09 18:08:27] warn: POST /items 401 - 3.19ms
[2025-08-09 18:08:27] warn: POST /items 401 - 4.18ms
[2025-08-09 18:08:27] warn: PUT /items/undefined 401 - 4.56ms
[2025-08-09 18:08:27] warn: PUT /items/999 401 - 5.30ms
[2025-08-09 18:08:27] warn: POST /items 401 - 6.74ms
[2025-08-09 18:08:27] warn: DELETE /items/undefined 401 - 2.12ms
[2025-08-09 18:08:27] warn: DELETE /items/9999 401 - 3.67ms
[2025-08-09 22:49:54] info: POST /login 200 - 192.44ms
[2025-08-09 22:49:54] warn: POST /login 401 - 7.91ms
[2025-08-09 22:49:54] warn: POST /login 401 - 19.31ms
[2025-08-09 22:49:54] info: POST /login 200 - 13.87ms
[2025-08-09 22:49:54] warn: GET /items 401 - 1.85ms
[2025-08-09 22:49:54] warn: GET /items 401 - 1.90ms
[2025-08-09 22:49:54] warn: GET /items 401 - 1.96ms
[2025-08-09 22:49:54] warn: GET /items 401 - 1.26ms
[2025-08-09 22:49:54] warn: POST /items 401 - 2.81ms
[2025-08-09 22:49:54] warn: POST /items 401 - 1.75ms
[2025-08-09 22:49:54] warn: POST /items 401 - 2.25ms
[2025-08-09 22:49:54] warn: PUT /items/undefined 401 - 3.34ms
[2025-08-09 22:49:54] warn: PUT /items/999 401 - 2.89ms
[2025-08-09 22:49:54] warn: POST /items 401 - 1.54ms
[2025-08-09 22:49:54] warn: DELETE /items/undefined 401 - 1.82ms
[2025-08-09 22:49:54] warn: DELETE /items/9999 401 - 0.83ms
[2025-08-09 22:54:36] info: POST /login 200 - 67.27ms
[2025-08-09 22:54:36] warn: POST /login 401 - 7.63ms
[2025-08-09 22:54:36] warn: POST /login 401 - 6.02ms
[2025-08-09 22:54:36] info: POST /login 200 - 15.37ms
[2025-08-09 22:54:36] warn: GET /items 401 - 2.13ms
[2025-08-09 22:54:36] warn: GET /items 401 - 2.03ms
[2025-08-09 22:54:36] warn: GET /items 401 - 1.42ms
[2025-08-09 22:54:36] warn: GET /items 401 - 1.44ms
[2025-08-09 22:54:36] warn: POST /items 401 - 2.28ms
[2025-08-09 22:54:36] warn: POST /items 401 - 4.34ms
[2025-08-09 22:54:36] warn: POST /items 401 - 1.17ms
[2025-08-09 22:54:36] warn: PUT /items/undefined 401 - 5.99ms
[2025-08-09 22:54:36] warn: PUT /items/999 401 - 2.01ms
[2025-08-09 22:54:36] warn: POST /items 401 - 1.41ms
[2025-08-09 22:54:36] warn: DELETE /items/undefined 401 - 1.17ms
[2025-08-09 22:54:36] warn: DELETE /items/9999 401 - 1.54ms
[2025-08-09 22:57:49] info: POST /login 200 - 74.71ms
[2025-08-09 22:57:49] warn: POST /login 401 - 9.29ms
[2025-08-09 22:57:49] warn: POST /login 401 - 7.76ms
[2025-08-09 22:57:49] info: POST /login 200 - 16.57ms
[2025-08-09 22:57:50] warn: GET /items 401 - 2.96ms
[2025-08-09 22:57:50] warn: GET /items 401 - 2.01ms
[2025-08-09 22:57:50] warn: GET /items 401 - 1.44ms
[2025-08-09 22:57:50] warn: GET /items 401 - 1.78ms
[2025-08-09 22:57:50] warn: POST /items 401 - 7.02ms
[2025-08-09 22:57:50] warn: POST /items 401 - 2.35ms
[2025-08-09 22:57:50] warn: POST /items 401 - 3.03ms
[2025-08-09 22:57:50] warn: PUT /items/undefined 401 - 2.70ms
[2025-08-09 22:57:50] warn: PUT /items/999 401 - 1.86ms
[2025-08-09 22:57:50] warn: POST /items 401 - 2.91ms
[2025-08-09 22:57:50] warn: DELETE /items/undefined 401 - 1.05ms
[2025-08-09 22:57:50] warn: DELETE /items/9999 401 - 1.22ms
[2025-08-09 22:58:21] info: POST /login 200 - 54.09ms
[2025-08-09 22:58:21] warn: POST /login 401 - 8.32ms
[2025-08-09 22:58:21] warn: POST /login 401 - 12.31ms
[2025-08-09 22:58:21] info: POST /login 200 - 14.59ms
[2025-08-09 22:58:21] warn: GET /items 401 - 16.46ms
[2025-08-09 22:58:21] warn: GET /items 401 - 1.59ms
[2025-08-09 22:58:21] warn: GET /items 401 - 3.02ms
[2025-08-09 22:58:21] warn: GET /items 401 - 1.98ms
[2025-08-09 22:58:21] warn: POST /items 401 - 2.92ms
[2025-08-09 22:58:21] warn: POST /items 401 - 3.22ms
[2025-08-09 22:58:21] warn: POST /items 401 - 3.84ms
[2025-08-09 22:58:21] warn: PUT /items/undefined 401 - 2.10ms
[2025-08-09 22:58:21] warn: PUT /items/999 401 - 4.33ms
[2025-08-09 22:58:21] warn: POST /items 401 - 2.92ms
[2025-08-09 22:58:21] warn: DELETE /items/undefined 401 - 0.84ms
[2025-08-09 22:58:21] warn: DELETE /items/9999 401 - 0.95ms
[2025-08-09 23:01:44] info: POST /login 200 - 62.30ms
[2025-08-09 23:01:45] warn: POST /login 401 - 8.69ms
[2025-08-09 23:01:45] warn: POST /login 400 - 1.76ms
[2025-08-09 23:01:45] info: POST /login 200 - 13.18ms
[2025-08-09 23:01:45] warn: GET /items 401 - 2.21ms
[2025-08-09 23:01:45] warn: GET /items 401 - 1.95ms
[2025-08-09 23:01:45] warn: GET /items 401 - 2.05ms
[2025-08-09 23:01:45] warn: GET /items 401 - 0.92ms
[2025-08-09 23:01:45] warn: POST /items 401 - 5.12ms
[2025-08-09 23:01:45] warn: POST /items 401 - 2.46ms
[2025-08-09 23:01:45] warn: POST /items 401 - 1.52ms
[2025-08-09 23:01:45] warn: PUT /items/undefined 401 - 2.85ms
[2025-08-09 23:01:45] warn: PUT /items/999 401 - 1.84ms
[2025-08-09 23:01:45] warn: POST /items 401 - 2.13ms
[2025-08-09 23:01:45] warn: DELETE /items/undefined 401 - 1.59ms
[2025-08-09 23:01:45] warn: DELETE /items/9999 401 - 1.91ms
[2025-08-09 23:03:22] info: POST /login 200 - 58.35ms
[2025-08-09 23:03:22] warn: POST /login 401 - 10.82ms
[2025-08-09 23:03:22] warn: POST /login 400 - 3.54ms
[2025-08-09 23:03:22] info: POST /login 200 - 14.62ms
[2025-08-09 23:03:22] warn: GET /items 401 - 14.22ms
[2025-08-09 23:03:22] warn: GET /items 401 - 12.98ms
[2025-08-09 23:03:22] warn: GET /items 401 - 18.21ms
[2025-08-09 23:03:22] warn: GET /items 401 - 10.72ms
[2025-08-09 23:03:22] warn: POST /items 401 - 16.58ms
[2025-08-09 23:03:22] warn: POST /items 401 - 6.05ms
[2025-08-09 23:03:22] warn: POST /items 401 - 10.40ms
[2025-08-09 23:03:22] warn: PUT /items/undefined 401 - 8.14ms
[2025-08-09 23:03:22] warn: PUT /items/999 401 - 9.10ms
[2025-08-09 23:03:22] warn: POST /items 401 - 5.88ms
[2025-08-09 23:03:22] warn: DELETE /items/undefined 401 - 8.29ms
[2025-08-09 23:03:22] warn: DELETE /items/9999 401 - 11.71ms
[2025-08-09 23:04:48] info: POST /login 200 - 80.15ms
[2025-08-09 23:04:48] warn: POST /login 401 - 6.27ms
[2025-08-09 23:04:48] warn: POST /login 400 - 4.26ms
[2025-08-09 23:04:48] info: POST /login 200 - 15.82ms
[2025-08-09 23:04:48] warn: GET /items 401 - 15.85ms
[2025-08-09 23:04:48] warn: GET /items 401 - 9.26ms
[2025-08-09 23:04:48] warn: GET /items 401 - 7.22ms
[2025-08-09 23:04:48] warn: GET /items 401 - 9.15ms
[2025-08-09 23:04:48] warn: POST /items 401 - 9.04ms
[2025-08-09 23:04:48] warn: POST /items 401 - 8.93ms
[2025-08-09 23:04:48] warn: POST /items 401 - 5.45ms
[2025-08-09 23:04:48] warn: PUT /items/undefined 401 - 6.16ms
[2025-08-09 23:04:49] warn: PUT /items/999 401 - 6.20ms
[2025-08-09 23:04:49] warn: POST /items 401 - 5.47ms
[2025-08-09 23:04:49] warn: DELETE /items/undefined 401 - 10.48ms
[2025-08-09 23:04:49] warn: DELETE /items/9999 401 - 10.32ms
[2025-08-09 23:05:49] info: POST /login 200 - 68.72ms
[2025-08-09 23:05:49] warn: POST /login 401 - 9.47ms
[2025-08-09 23:05:49] warn: POST /login 400 - 2.04ms
[2025-08-09 23:05:49] info: POST /login 200 - 24.30ms
[2025-08-09 23:05:49] warn: GET /items 401 - 15.31ms
[2025-08-09 23:05:49] warn: GET /items 401 - 13.64ms
[2025-08-09 23:05:49] warn: GET /items 401 - 7.58ms
[2025-08-09 23:05:49] warn: GET /items 401 - 8.67ms
[2025-08-09 23:05:49] warn: POST /items 401 - 9.05ms
[2025-08-09 23:05:49] warn: POST /items 401 - 8.70ms
[2025-08-09 23:05:49] warn: POST /items 401 - 7.88ms
[2025-08-09 23:05:49] warn: PUT /items/undefined 401 - 6.11ms
[2025-08-09 23:05:49] warn: PUT /items/999 401 - 5.83ms
[2025-08-09 23:05:49] warn: POST /items 401 - 5.16ms
[2025-08-09 23:05:49] warn: DELETE /items/undefined 401 - 120.95ms
[2025-08-09 23:05:49] warn: DELETE /items/9999 401 - 10.32ms
[2025-08-09 23:07:01] info: POST /login 200 - 69.18ms
[2025-08-09 23:07:01] warn: POST /login 401 - 9.04ms
[2025-08-09 23:07:01] warn: POST /login 400 - 3.51ms
[2025-08-09 23:07:01] info: POST /login 200 - 17.23ms
[2025-08-09 23:07:01] warn: GET /items 401 - 23.83ms
[2025-08-09 23:07:02] warn: GET /items 401 - 13.86ms
[2025-08-09 23:07:02] warn: GET /items 401 - 12.75ms
[2025-08-09 23:07:02] warn: GET /items 401 - 10.35ms
[2025-08-09 23:07:02] warn: POST /items 401 - 12.79ms
[2025-08-09 23:07:02] warn: POST /items 401 - 9.70ms
[2025-08-09 23:07:02] warn: POST /items 401 - 9.00ms
[2025-08-09 23:07:02] warn: PUT /items/undefined 401 - 6.66ms
[2025-08-09 23:07:02] warn: PUT /items/999 401 - 8.37ms
[2025-08-09 23:07:02] warn: POST /items 401 - 8.85ms
[2025-08-09 23:07:02] warn: DELETE /items/undefined 401 - 6.87ms
[2025-08-09 23:07:02] warn: DELETE /items/9999 401 - 8.19ms
[2025-08-09 23:09:47] info: POST /login 200 - 225.60ms
[2025-08-09 23:09:47] warn: POST /login 401 - 6.19ms
[2025-08-09 23:09:47] warn: POST /login 400 - 2.40ms
[2025-08-09 23:09:47] info: POST /login 200 - 18.26ms
[2025-08-09 23:09:47] warn: GET /items 401 - 32.51ms
[2025-08-09 23:09:47] warn: GET /items 401 - 18.31ms
[2025-08-09 23:09:47] warn: GET /items 401 - 19.74ms
[2025-08-09 23:09:47] warn: GET /items 401 - 18.52ms
[2025-08-09 23:09:47] warn: POST /items 401 - 11.93ms
[2025-08-09 23:09:47] warn: POST /items 401 - 13.24ms
[2025-08-09 23:09:47] warn: POST /items 401 - 13.26ms
[2025-08-09 23:09:47] warn: PUT /items/undefined 401 - 12.43ms
[2025-08-09 23:09:47] warn: PUT /items/999 401 - 13.50ms
[2025-08-09 23:09:47] warn: POST /items 401 - 13.79ms
[2025-08-09 23:09:47] warn: DELETE /items/undefined 401 - 16.29ms
[2025-08-09 23:09:47] warn: DELETE /items/9999 401 - 17.84ms
[2025-08-09 23:10:32] info: POST /login 200 - 204.93ms
[2025-08-09 23:10:32] warn: POST /login 401 - 13.59ms
[2025-08-09 23:10:32] warn: POST /login 400 - 2.17ms
[2025-08-09 23:10:32] info: POST /login 200 - 15.08ms
[2025-08-09 23:10:32] warn: GET /items 401 - 31.11ms
[2025-08-09 23:10:32] warn: GET /items 401 - 25.38ms
[2025-08-09 23:10:32] warn: GET /items 401 - 22.92ms
[2025-08-09 23:10:33] warn: GET /items 401 - 26.03ms
[2025-08-09 23:10:33] warn: POST /items 401 - 16.66ms
[2025-08-09 23:10:33] warn: POST /items 401 - 13.02ms
[2025-08-09 23:10:33] warn: POST /items 401 - 16.29ms
[2025-08-09 23:10:33] warn: PUT /items/undefined 401 - 13.90ms
[2025-08-09 23:10:33] warn: PUT /items/999 401 - 12.68ms
[2025-08-09 23:10:33] warn: POST /items 401 - 10.43ms
[2025-08-09 23:10:33] warn: DELETE /items/undefined 401 - 17.69ms
[2025-08-09 23:10:33] warn: DELETE /items/9999 401 - 17.63ms
[2025-08-09 23:15:42] info: POST /login 200 - 57.18ms
[2025-08-09 23:15:42] warn: POST /login 401 - 9.77ms
[2025-08-09 23:15:42] warn: POST /login 400 - 3.04ms
[2025-08-09 23:15:43] info: POST /login 200 - 44.15ms
[2025-08-09 23:15:43] warn: GET /items 401 - 39.21ms
[2025-08-09 23:15:43] warn: GET /items 401 - 51.21ms
[2025-08-09 23:15:43] warn: GET /items 401 - 20.41ms
[2025-08-09 23:15:43] warn: GET /items 401 - 18.86ms
[2025-08-09 23:15:43] warn: POST /items 401 - 15.15ms
[2025-08-09 23:15:43] warn: POST /items 401 - 16.35ms
[2025-08-09 23:15:43] warn: POST /items 401 - 11.67ms
[2025-08-09 23:15:43] warn: PUT /items/undefined 401 - 15.35ms
[2025-08-09 23:15:43] warn: PUT /items/999 401 - 17.57ms
[2025-08-09 23:15:43] warn: POST /items 401 - 18.50ms
[2025-08-09 23:15:43] warn: DELETE /items/undefined 401 - 19.23ms
[2025-08-09 23:15:43] warn: DELETE /items/9999 401 - 17.15ms
[2025-08-09 23:16:35] info: POST /login 200 - 64.31ms
[2025-08-09 23:16:36] warn: POST /login 401 - 8.39ms
[2025-08-09 23:16:36] warn: POST /login 400 - 3.04ms
[2025-08-09 23:16:36] info: POST /login 200 - 20.54ms
[2025-08-09 23:16:36] info: GET /items 200 - 30.40ms
[2025-08-09 23:16:36] warn: GET /items 401 - 18.69ms
[2025-08-09 23:16:36] warn: GET /items 403 - 19.01ms
[2025-08-09 23:16:36] warn: GET /items 401 - 18.65ms
[2025-08-09 23:16:36] warn: POST /items 401 - 17.66ms
[2025-08-09 23:16:36] warn: POST /items 401 - 12.78ms
[2025-08-09 23:16:36] warn: POST /items 401 - 15.43ms
[2025-08-09 23:16:36] warn: PUT /items/undefined 401 - 13.77ms
[2025-08-09 23:16:36] warn: PUT /items/999 401 - 15.92ms
[2025-08-09 23:16:36] warn: POST /items 401 - 15.96ms
[2025-08-09 23:16:36] warn: DELETE /items/undefined 401 - 18.09ms
[2025-08-09 23:16:36] warn: DELETE /items/9999 401 - 18.82ms
[2025-08-09 23:18:31] info: POST /login 200 - 67.73ms
[2025-08-09 23:18:31] warn: POST /login 401 - 7.17ms
[2025-08-09 23:18:31] warn: POST /login 400 - 1.56ms
[2025-08-09 23:18:31] info: POST /login 200 - 17.00ms
[2025-08-09 23:18:31] info: GET /items 200 - 29.08ms
[2025-08-09 23:18:31] error: GET /items 500 - 167.76ms
[2025-08-09 23:18:31] warn: GET /items 403 - 17.42ms
[2025-08-09 23:18:31] error: GET /items 500 - 111.39ms
[2025-08-09 23:18:31] error: POST /items 500 - 57.80ms
[2025-08-09 23:18:31] error: POST /items 500 - 151.17ms
[2025-08-09 23:18:32] error: POST /items 500 - 73.73ms
[2025-08-09 23:18:32] error: PUT /items/undefined 500 - 51.31ms
[2025-08-09 23:18:32] error: PUT /items/999 500 - 58.25ms
[2025-08-09 23:18:32] error: POST /items 500 - 52.83ms
[2025-08-09 23:18:32] error: DELETE /items/undefined 500 - 58.12ms
[2025-08-09 23:18:32] error: DELETE /items/9999 500 - 51.89ms
[2025-08-09 23:19:49] info: POST /login 200 - 69.09ms
[2025-08-09 23:19:49] warn: POST /login 401 - 10.58ms
[2025-08-09 23:19:49] warn: POST /login 400 - 5.90ms
[2025-08-09 23:19:49] info: POST /login 200 - 16.55ms
[2025-08-09 23:19:49] info: GET /items 200 - 32.85ms
[2025-08-09 23:19:49] warn: GET /items 401 - 25.96ms
[2025-08-09 23:19:49] warn: GET /items 403 - 17.97ms
[2025-08-09 23:19:49] warn: GET /items 401 - 18.43ms
[2025-08-09 23:19:49] warn: POST /items 401 - 14.85ms
[2025-08-09 23:19:49] warn: POST /items 401 - 14.33ms
[2025-08-09 23:19:49] warn: POST /items 401 - 10.34ms
[2025-08-09 23:19:49] warn: PUT /items/undefined 401 - 13.68ms
[2025-08-09 23:19:49] warn: PUT /items/999 401 - 14.57ms
[2025-08-09 23:19:49] warn: POST /items 401 - 17.77ms
[2025-08-09 23:19:49] warn: DELETE /items/undefined 401 - 23.02ms
[2025-08-09 23:19:49] warn: DELETE /items/9999 401 - 19.00ms
[2025-08-09 23:24:21] info: POST /login 200 - 70.93ms
[2025-08-09 23:24:21] warn: POST /login 401 - 6.21ms
[2025-08-09 23:24:21] warn: POST /login 400 - 1.61ms
[2025-08-09 23:24:21] info: POST /login 200 - 18.08ms
[2025-08-09 23:24:21] info: GET /items 200 - 35.55ms
[2025-08-09 23:24:21] warn: GET /items 401 - 19.58ms
[2025-08-09 23:24:22] warn: GET /items 403 - 129.20ms
[2025-08-09 23:24:22] warn: GET /items 401 - 40.56ms
[2025-08-09 23:24:22] info: POST /items 201 - 4.75ms
[2025-08-09 23:24:22] warn: POST /items 400 - 1.34ms
[2025-08-09 23:24:22] info: POST /items 201 - 1.23ms
[2025-08-09 23:24:22] warn: PUT /items/22 401 - 13.34ms
[2025-08-09 23:24:22] warn: PUT /items/999 401 - 13.96ms
[2025-08-09 23:24:22] info: POST /items 201 - 1.51ms
[2025-08-09 23:24:22] warn: DELETE /items/27 401 - 19.81ms
[2025-08-09 23:24:22] warn: DELETE /items/9999 401 - 19.62ms
[2025-08-09 23:25:19] info: POST /login 200 - 74.32ms
[2025-08-09 23:25:19] warn: POST /login 401 - 6.38ms
[2025-08-09 23:25:19] warn: POST /login 400 - 2.58ms
[2025-08-09 23:25:19] info: POST /login 200 - 16.27ms
[2025-08-09 23:25:19] info: GET /items 200 - 1.93ms
[2025-08-09 23:25:19] info: GET /items 200 - 2.43ms
[2025-08-09 23:25:19] info: GET /items 200 - 4.91ms
[2025-08-09 23:25:19] info: GET /items 200 - 1.43ms
[2025-08-09 23:25:19] info: POST /items 201 - 2.69ms
[2025-08-09 23:25:19] warn: POST /items 400 - 3.34ms
[2025-08-09 23:25:19] info: POST /items 201 - 1.31ms
[2025-08-09 23:25:19] info: PUT /items/22 200 - 2.26ms
[2025-08-09 23:25:19] warn: PUT /items/999 404 - 2.19ms
[2025-08-09 23:25:19] info: POST /items 201 - 2.59ms
[2025-08-09 23:25:19] info: DELETE /items/27 204 - 3.81ms
[2025-08-09 23:25:19] warn: DELETE /items/9999 404 - 0.91ms
[2025-08-09 23:27:10] info: POST /login 200 - 90.66ms
[2025-08-09 23:27:10] warn: POST /login 401 - 8.93ms
[2025-08-09 23:27:10] warn: POST /login 400 - 1.80ms
[2025-08-09 23:27:10] info: POST /login 200 - 16.60ms
[2025-08-09 23:27:10] info: GET /items 200 - 1.80ms
[2025-08-09 23:27:10] info: GET /items 200 - 1.33ms
[2025-08-09 23:27:10] info: GET /items 200 - 1.20ms
[2025-08-09 23:27:10] info: GET /items 200 - 3.10ms
[2025-08-09 23:27:10] info: POST /items 201 - 2.76ms
[2025-08-09 23:27:10] warn: POST /items 400 - 4.55ms
[2025-08-09 23:27:10] info: POST /items 201 - 1.84ms
[2025-08-09 23:27:10] info: PUT /items/22 200 - 33.90ms
[2025-08-09 23:27:10] warn: PUT /items/999 404 - 1.74ms
[2025-08-09 23:27:10] info: POST /items 201 - 1.52ms
[2025-08-09 23:27:10] info: DELETE /items/27 204 - 1.01ms
[2025-08-09 23:27:11] warn: DELETE /items/9999 404 - 0.96ms
[2025-08-09 23:27:47] info: POST /login 200 - 54.27ms
[2025-08-09 23:27:47] warn: POST /login 401 - 7.47ms
[2025-08-09 23:27:47] warn: POST /login 400 - 1.82ms
[2025-08-09 23:27:47] info: POST /login 200 - 14.76ms
[2025-08-09 23:27:47] info: GET /items 200 - 1.91ms
[2025-08-09 23:27:47] info: GET /items 200 - 5.03ms
[2025-08-09 23:27:47] info: GET /items 200 - 3.19ms
[2025-08-09 23:27:47] info: GET /items 200 - 1.79ms
[2025-08-09 23:27:47] info: POST /items 201 - 2.69ms
[2025-08-09 23:27:47] warn: POST /items 400 - 1.81ms
[2025-08-09 23:27:47] info: POST /items 201 - 2.59ms
[2025-08-09 23:27:47] info: PUT /items/22 200 - 2.68ms
[2025-08-09 23:27:47] warn: PUT /items/999 404 - 38.36ms
[2025-08-09 23:27:47] info: POST /items 201 - 6.29ms
[2025-08-09 23:27:47] info: DELETE /items/27 204 - 1.54ms
[2025-08-09 23:27:47] warn: DELETE /items/9999 404 - 1.60ms
[2025-08-09 23:29:16] info: POST /login 200 - 89.10ms
[2025-08-09 23:29:16] warn: POST /login 401 - 9.72ms
[2025-08-09 23:29:16] warn: POST /login 400 - 1.60ms
[2025-08-09 23:29:16] info: POST /login 200 - 21.75ms
[2025-08-09 23:29:16] info: GET /items 200 - 2.30ms
[2025-08-09 23:29:16] info: GET /items 200 - 1.22ms
[2025-08-09 23:29:16] info: GET /items 200 - 2.42ms
[2025-08-09 23:29:16] info: GET /items 200 - 1.30ms
[2025-08-09 23:29:16] info: POST /items 201 - 2.88ms
[2025-08-09 23:29:16] warn: POST /items 400 - 2.79ms
[2025-08-09 23:29:16] info: POST /items 201 - 1.30ms
[2025-08-09 23:29:16] info: PUT /items/22 200 - 2.19ms
[2025-08-09 23:29:16] warn: PUT /items/999 404 - 6.32ms
[2025-08-09 23:29:16] info: POST /items 201 - 1.75ms
[2025-08-09 23:29:16] info: DELETE /items/27 204 - 1.50ms
[2025-08-09 23:29:16] warn: DELETE /items/9999 404 - 0.96ms
[2025-08-09 23:34:08] info: POST /login 200 - 75.79ms
[2025-08-09 23:34:08] warn: POST /login 401 - 7.73ms
[2025-08-09 23:34:08] warn: POST /login 400 - 1.78ms
[2025-08-09 23:34:08] info: POST /login 200 - 16.86ms
[2025-08-09 23:34:08] info: GET /items 200 - 1.82ms
[2025-08-09 23:34:08] info: GET /items 200 - 1.44ms
[2025-08-09 23:34:08] info: GET /items 200 - 3.33ms
[2025-08-09 23:34:08] info: GET /items 200 - 1.07ms
[2025-08-09 23:34:08] info: POST /items 201 - 2.76ms
[2025-08-09 23:34:08] warn: POST /items 400 - 4.47ms
[2025-08-09 23:34:08] info: POST /items 201 - 1.16ms
[2025-08-09 23:34:08] info: PUT /items/22 200 - 1.81ms
[2025-08-09 23:34:08] warn: PUT /items/999 404 - 2.63ms
[2025-08-09 23:34:08] info: POST /items 201 - 1.71ms
[2025-08-09 23:34:08] info: DELETE /items/27 204 - 1.05ms
[2025-08-09 23:34:08] warn: DELETE /items/9999 404 - 0.96ms
[2025-08-09 23:34:40] info: POST /login 200 - 74.80ms
[2025-08-09 23:34:40] warn: POST /login 401 - 9.97ms
[2025-08-09 23:34:40] warn: POST /login 400 - 3.09ms
[2025-08-09 23:34:40] info: POST /login 200 - 17.16ms
[2025-08-09 23:34:40] info: GET /items 200 - 3.00ms
[2025-08-09 23:34:40] info: GET /items 200 - 2.71ms
[2025-08-09 23:34:40] info: GET /items 200 - 1.36ms
[2025-08-09 23:34:40] info: GET /items 200 - 1.52ms
[2025-08-09 23:34:40] info: POST /items 201 - 2.89ms
[2025-08-09 23:34:40] warn: POST /items 400 - 2.65ms
[2025-08-09 23:34:40] info: POST /items 201 - 1.37ms
[2025-08-09 23:34:40] info: PUT /items/22 200 - 3.20ms
[2025-08-09 23:34:40] warn: PUT /items/999 404 - 2.37ms
[2025-08-09 23:34:40] info: POST /items 201 - 3.71ms
[2025-08-09 23:34:40] info: DELETE /items/27 204 - 1.25ms
[2025-08-09 23:34:40] warn: DELETE /items/9999 404 - 2.12ms
[2025-08-09 23:35:09] info: POST /login 200 - 84.33ms
[2025-08-09 23:35:09] warn: POST /login 401 - 14.29ms
[2025-08-09 23:35:09] warn: POST /login 400 - 2.67ms
[2025-08-09 23:35:09] info: POST /login 200 - 25.53ms
[2025-08-09 23:35:09] info: GET /items 200 - 5.41ms
[2025-08-09 23:35:09] info: GET /items 200 - 1.30ms
[2025-08-09 23:35:09] info: GET /items 200 - 1.21ms
[2025-08-09 23:35:09] info: GET /items 200 - 1.77ms
[2025-08-09 23:35:09] info: POST /items 201 - 2.73ms
[2025-08-09 23:35:09] warn: POST /items 400 - 1.56ms
[2025-08-09 23:35:09] info: POST /items 201 - 1.93ms
[2025-08-09 23:35:09] info: PUT /items/22 200 - 1.79ms
[2025-08-09 23:35:09] warn: PUT /items/999 404 - 1.79ms
[2025-08-09 23:35:09] info: POST /items 201 - 1.76ms
[2025-08-09 23:35:09] info: DELETE /items/27 204 - 1.05ms
[2025-08-09 23:35:09] warn: DELETE /items/9999 404 - 1.08ms
[2025-08-09 23:37:28] info: POST /login 200 - 78.42ms
[2025-08-09 23:37:28] warn: POST /login 401 - 6.68ms
[2025-08-09 23:37:28] warn: POST /login 400 - 1.73ms
[2025-08-09 23:37:28] info: POST /login 200 - 18.11ms
[2025-08-09 23:37:28] info: GET /items 200 - 35.73ms
[2025-08-09 23:37:28] warn: GET /items 401 - 25.55ms
[2025-08-09 23:37:28] warn: GET /items 403 - 18.68ms
[2025-08-09 23:37:28] warn: GET /items 401 - 18.64ms
[2025-08-09 23:37:28] info: POST /items 201 - 2.82ms
[2025-08-09 23:37:28] warn: POST /items 400 - 3.11ms
[2025-08-09 23:37:28] info: POST /items 201 - 1.16ms
[2025-08-09 23:37:28] info: PUT /items/22 200 - 4.30ms
[2025-08-09 23:37:28] warn: PUT /items/999 404 - 1.88ms
[2025-08-09 23:37:28] info: POST /items 201 - 4.27ms
[2025-08-09 23:37:28] info: DELETE /items/27 204 - 1.00ms
[2025-08-09 23:37:28] warn: DELETE /items/9999 404 - 2.20ms
[2025-08-09 23:38:45] info: POST /login 200 - 90.89ms
[2025-08-09 23:38:45] warn: POST /login 401 - 6.61ms
[2025-08-09 23:38:45] warn: POST /login 400 - 1.90ms
[2025-08-09 23:38:45] info: POST /login 200 - 19.14ms
[2025-08-09 23:38:45] info: GET /items 200 - 40.28ms
[2025-08-09 23:38:45] warn: GET /items 401 - 25.98ms
[2025-08-09 23:38:45] warn: GET /items 403 - 18.71ms
[2025-08-09 23:38:45] info: POST /items 201 - 1.88ms
[2025-08-09 23:38:45] warn: POST /items 400 - 3.70ms
[2025-08-09 23:38:45] info: POST /items 201 - 1.87ms
[2025-08-09 23:38:45] info: PUT /items/20 200 - 5.12ms
[2025-08-09 23:38:45] warn: PUT /items/999 404 - 2.13ms
[2025-08-09 23:38:45] info: POST /items 201 - 1.42ms
[2025-08-09 23:38:45] info: DELETE /items/25 204 - 1.18ms
[2025-08-09 23:38:45] warn: DELETE /items/9999 404 - 3.60ms
[2025-08-10 10:20:40] info: OPTIONS /login 204 - 15.37ms
[2025-08-10 10:20:41] info: POST /login 200 - 667.76ms
[2025-08-10 10:20:41] warn: GET /items 401 - 9.89ms
[2025-08-10 10:20:51] info: OPTIONS /items 204 - 1.35ms
[2025-08-10 10:20:51] info: POST /items 201 - 3.16ms
[2025-08-10 10:20:51] warn: GET /items 401 - 73.88ms
[2025-08-10 10:22:28] warn: GET /items 401 - 7.98ms
[2025-08-10 10:22:39] warn: GET /items 401 - 151.07ms
[2025-08-10 10:22:45] info: OPTIONS /login 204 - 2.76ms
[2025-08-10 10:23:47] info: OPTIONS /login 204 - 13.68ms
[2025-08-10 10:23:47] info: POST /login 200 - 43.56ms
[2025-08-10 10:23:47] info: GET /items 200 - 30.04ms
[2025-08-10 10:23:50] info: GET /items 304 - 120.31ms
[2025-08-10 10:24:11] info: OPTIONS /items 204 - 2.09ms
[2025-08-10 10:24:11] info: POST /items 201 - 2.32ms
[2025-08-10 10:24:11] info: GET /items 200 - 7.70ms
[2025-08-10 10:25:26] info: GET /items 304 - 10.04ms
[2025-08-10 10:25:30] info: GET /items 304 - 110.69ms
[2025-08-10 10:31:56] info: GET /items 200 - 37.63ms
[2025-08-10 10:32:00] info: GET /items 304 - 77.52ms
[2025-08-10 10:32:11] info: OPTIONS /items 204 - 1.32ms
[2025-08-10 10:32:11] info: POST /items 201 - 33.43ms
[2025-08-10 10:32:11] info: GET /items 200 - 9.56ms
[2025-08-10 10:32:16] info: OPTIONS /items/1 204 - 2.47ms
[2025-08-10 10:32:16] info: DELETE /items/1 204 - 1.95ms
[2025-08-10 10:32:16] info: GET /items 200 - 7.43ms
[2025-08-10 10:32:18] warn: PUT /items/1 404 - 3.79ms
[2025-08-10 10:32:25] info: OPTIONS /items/1 204 - 3.40ms
[2025-08-10 10:32:25] warn: PUT /items/1 404 - 3.76ms
[2025-08-10 10:33:18] info: OPTIONS /login 204 - 1.56ms
[2025-08-10 10:33:18] warn: POST /login 401 - 3.34ms
[2025-08-10 10:33:20] warn: POST /login 401 - 6.09ms
[2025-08-10 10:35:56] info: OPTIONS /login 204 - 1.28ms
[2025-08-10 10:35:57] warn: POST /login 401 - 2.93ms
[2025-08-10 10:35:58] info: POST /login 200 - 11.59ms
[2025-08-10 10:35:58] info: GET /items 200 - 9.97ms
[2025-08-10 10:35:58] info: OPTIONS /items 204 - 1.15ms
[2025-08-10 10:35:58] info: POST /items 201 - 2.26ms
[2025-08-10 10:35:58] info: GET /items 200 - 5.93ms
[2025-08-10 10:38:21] info: OPTIONS /login 204 - 1.06ms
[2025-08-10 10:38:22] warn: POST /login 401 - 3.91ms
[2025-08-10 10:38:23] info: POST /login 200 - 7.23ms
[2025-08-10 10:38:23] info: GET /items 200 - 8.71ms
[2025-08-10 10:38:23] info: OPTIONS /items 204 - 1.91ms
[2025-08-10 10:38:23] info: POST /items 201 - 2.29ms
[2025-08-10 10:38:23] info: GET /items 200 - 36.02ms
[2025-08-10 10:40:12] info: OPTIONS /items/2 204 - 0.82ms
[2025-08-10 10:40:12] info: PUT /items/2 200 - 1.95ms
[2025-08-10 10:40:13] info: GET /items 304 - 22.12ms
[2025-08-10 10:42:01] info: GET /items 304 - 12.25ms
[2025-08-10 10:42:01] info: GET /items 200 - 19.39ms
[2025-08-10 10:42:24] info: OPTIONS /login 204 - 1.58ms
[2025-08-10 10:42:24] warn: POST /login 401 - 2.76ms
[2025-08-10 10:42:25] info: POST /login 200 - 10.67ms
[2025-08-10 10:42:25] info: GET /items 304 - 5.49ms
[2025-08-10 10:42:26] info: OPTIONS /items 204 - 1.50ms
[2025-08-10 10:42:26] info: POST /items 201 - 2.13ms
[2025-08-10 10:42:26] info: GET /items 200 - 6.02ms
[2025-08-10 10:42:43] info: OPTIONS /items/4 204 - 0.68ms
[2025-08-10 10:42:43] info: PUT /items/4 200 - 2.21ms
[2025-08-10 10:42:44] info: GET /items 200 - 21.57ms
[2025-08-10 10:44:59] info: GET /items 304 - 11.09ms
[2025-08-10 10:44:59] info: GET /items 200 - 7.11ms
[2025-08-10 10:45:05] info: OPTIONS /login 204 - 0.91ms
[2025-08-10 10:45:05] warn: POST /login 401 - 2.41ms
[2025-08-10 10:45:06] info: POST /login 200 - 83.87ms
[2025-08-10 10:45:06] info: GET /items 304 - 6.14ms
[2025-08-10 10:45:07] info: OPTIONS /items 204 - 4.48ms
[2025-08-10 10:45:07] info: POST /items 201 - 2.68ms
[2025-08-10 10:45:07] info: GET /items 200 - 5.67ms
[2025-08-10 10:45:55] info: GET /items 200 - 24.25ms
[2025-08-10 10:46:03] info: OPTIONS /items/3 204 - 1.01ms
[2025-08-10 10:46:03] info: DELETE /items/3 204 - 1.06ms
[2025-08-10 10:46:03] info: GET /items 200 - 4.93ms
[2025-08-10 10:46:05] info: OPTIONS /items/2 204 - 2.97ms
[2025-08-10 10:46:05] info: DELETE /items/2 204 - 2.03ms
[2025-08-10 10:46:05] info: GET /items 200 - 5.35ms
[2025-08-10 10:46:06] info: OPTIONS /items/5 204 - 1.81ms
[2025-08-10 10:46:06] info: DELETE /items/5 204 - 1.00ms
[2025-08-10 10:46:06] info: GET /items 200 - 4.80ms
[2025-08-10 10:46:07] info: OPTIONS /items/4 204 - 3.04ms
[2025-08-10 10:46:07] info: DELETE /items/4 204 - 1.26ms
[2025-08-10 10:46:07] info: GET /items 200 - 5.87ms
[2025-08-10 10:46:12] info: OPTIONS /items 204 - 2.21ms
[2025-08-10 10:46:12] info: POST /items 201 - 1.28ms
[2025-08-10 10:46:12] info: GET /items 200 - 5.23ms
[2025-08-10 10:46:17] info: OPTIONS /items/6 204 - 3.20ms
[2025-08-10 10:46:17] info: PUT /items/6 200 - 2.40ms
[2025-08-10 10:46:17] info: GET /items 200 - 4.92ms
[2025-08-10 10:46:29] info: OPTIONS /items 204 - 2.28ms
[2025-08-10 10:46:29] info: POST /items 201 - 2.30ms
[2025-08-10 10:46:29] info: GET /items 200 - 4.63ms
[2025-08-10 10:46:34] info: OPTIONS /items/7 204 - 3.39ms
[2025-08-10 10:46:34] info: PUT /items/7 200 - 2.14ms
[2025-08-10 10:46:34] info: GET /items 200 - 6.02ms
[2025-08-10 10:47:14] info: GET /items 304 - 9.29ms
[2025-08-10 10:47:15] info: GET /items 200 - 5.54ms
[2025-08-10 10:47:23] info: OPTIONS /items/6 204 - 0.88ms
[2025-08-10 10:47:23] info: DELETE /items/6 204 - 1.13ms
[2025-08-10 10:47:23] info: GET /items 200 - 8.16ms
[2025-08-10 10:47:24] info: OPTIONS /items/7 204 - 1.94ms
[2025-08-10 10:47:24] info: DELETE /items/7 204 - 1.30ms
[2025-08-10 10:47:24] info: GET /items 200 - 7.43ms
[2025-08-10 10:47:27] info: OPTIONS /items 204 - 3.87ms
[2025-08-10 10:47:27] info: POST /items 201 - 3.60ms
[2025-08-10 10:47:27] info: GET /items 200 - 5.46ms
[2025-08-10 10:47:33] info: OPTIONS /items/8 204 - 3.28ms
[2025-08-10 10:47:33] info: PUT /items/8 200 - 2.55ms
[2025-08-10 10:47:33] info: GET /items 200 - 4.97ms
[2025-08-10 10:48:20] info: GET /items 200 - 5.43ms
[2025-08-10 10:48:20] info: GET /items 304 - 7.91ms
[2025-08-10 10:48:28] info: GET /items 304 - 7.72ms
[2025-08-10 10:48:29] info: GET /items 304 - 12.86ms
[2025-08-10 10:48:34] info: GET /items 304 - 32.70ms
[2025-08-10 10:48:49] info: OPTIONS /login 204 - 1.71ms
[2025-08-10 10:48:49] info: POST /login 200 - 11.35ms
[2025-08-10 10:48:49] info: GET /items 304 - 12.06ms
[2025-08-10 10:49:17] info: GET /items 304 - 6.20ms
[2025-08-10 10:49:17] info: GET /items 304 - 10.17ms
[2025-08-10 10:49:24] info: GET /items 304 - 5.82ms
[2025-08-10 10:49:25] info: GET /items 304 - 21.32ms
[2025-08-10 10:49:32] info: GET /items 304 - 214.53ms
[2025-08-10 10:49:33] info: OPTIONS /items/8 204 - 0.79ms
[2025-08-10 10:49:33] info: DELETE /items/8 204 - 0.85ms
[2025-08-10 10:49:33] info: GET /items 200 - 5.69ms
[2025-08-10 10:49:39] info: OPTIONS /items 204 - 1.56ms
[2025-08-10 10:49:39] info: POST /items 201 - 1.70ms
[2025-08-10 10:49:39] info: GET /items 200 - 4.98ms
[2025-08-10 10:49:45] info: OPTIONS /items/9 204 - 1.83ms
[2025-08-10 10:49:45] info: PUT /items/9 200 - 1.54ms
[2025-08-10 10:49:45] info: GET /items 200 - 5.36ms
[2025-08-10 10:50:38] info: GET /items 200 - 5.38ms
[2025-08-10 10:50:39] info: GET /items 304 - 21.18ms
[2025-08-10 10:51:00] info: GET /items 304 - 17.67ms
[2025-08-10 10:51:01] info: GET /items 304 - 5.87ms
[2025-08-10 10:51:08] info: OPTIONS /login 204 - 0.99ms
[2025-08-10 10:51:08] warn: POST /login 401 - 6.26ms
[2025-08-10 10:51:09] info: POST /login 200 - 6.98ms
[2025-08-10 10:51:09] info: GET /items 304 - 8.04ms
[2025-08-10 10:51:09] info: OPTIONS /items 204 - 2.47ms
[2025-08-10 10:51:09] info: POST /items 201 - 2.22ms
[2025-08-10 10:51:10] info: GET /items 200 - 5.20ms
[2025-08-10 10:58:44] info: OPTIONS /login 204 - 2.26ms
[2025-08-10 10:58:44] warn: POST /login 401 - 4.91ms
[2025-08-10 10:58:45] info: POST /login 200 - 4.98ms
[2025-08-10 10:58:45] info: GET /items 304 - 10.95ms
[2025-08-10 10:58:45] info: OPTIONS /items 204 - 2.12ms
[2025-08-10 10:58:46] info: POST /items 201 - 2.35ms
[2025-08-10 10:58:46] info: GET /items 200 - 7.26ms
[2025-08-10 10:59:18] info: OPTIONS /login 204 - 0.83ms
[2025-08-10 10:59:18] warn: POST /login 401 - 2.59ms
[2025-08-10 10:59:19] info: POST /login 200 - 8.24ms
[2025-08-10 10:59:19] info: GET /items 304 - 5.40ms
[2025-08-10 10:59:19] info: OPTIONS /items 204 - 1.92ms
[2025-08-10 10:59:20] info: POST /items 201 - 2.50ms
[2025-08-10 10:59:20] info: GET /items 200 - 25.10ms
[2025-08-10 11:02:51] info: GET /items 304 - 6.17ms
[2025-08-10 11:02:52] info: GET /items 200 - 6.85ms
[2025-08-10 11:03:14] info: OPTIONS /login 204 - 1.02ms
[2025-08-10 11:03:14] warn: POST /login 401 - 5.73ms
[2025-08-10 11:03:15] info: POST /login 200 - 18.06ms
[2025-08-10 11:03:15] info: GET /items 304 - 12.21ms
[2025-08-10 11:03:15] info: OPTIONS /items 204 - 3.14ms
[2025-08-10 11:03:15] info: POST /items 201 - 2.29ms
[2025-08-10 11:03:15] info: GET /items 200 - 14.79ms
[2025-08-10 11:03:23] info: OPTIONS /login 204 - 1.47ms
[2025-08-10 11:03:24] warn: POST /login 401 - 2.12ms
[2025-08-10 11:03:25] info: POST /login 200 - 9.09ms
[2025-08-10 11:03:25] info: GET /items 304 - 4.32ms
[2025-08-10 11:03:25] info: OPTIONS /items 204 - 1.87ms
[2025-08-10 11:03:25] info: POST /items 201 - 1.83ms
[2025-08-10 11:03:25] info: GET /items 200 - 7.02ms
[2025-08-10 11:06:33] info: OPTIONS /login 204 - 0.97ms
[2025-08-10 11:06:34] warn: POST /login 401 - 5.78ms
[2025-08-10 11:06:35] info: POST /login 200 - 7.39ms
[2025-08-10 11:06:35] info: GET /items 304 - 23.29ms
[2025-08-10 11:06:35] info: OPTIONS /items 204 - 1.09ms
[2025-08-10 11:06:35] info: POST /items 201 - 2.03ms
[2025-08-10 11:06:35] info: GET /items 200 - 11.42ms
[2025-08-10 11:06:45] info: GET /items 200 - 28.78ms
[2025-08-10 11:07:00] info: OPTIONS /login 204 - 1.44ms
[2025-08-10 11:07:00] warn: POST /login 401 - 3.68ms
[2025-08-10 11:07:01] info: POST /login 200 - 7.20ms
[2025-08-10 11:07:01] info: GET /items 304 - 7.53ms
[2025-08-10 11:07:01] info: OPTIONS /items 204 - 2.23ms
[2025-08-10 11:07:01] info: POST /items 201 - 2.21ms
[2025-08-10 11:07:01] info: GET /items 200 - 7.57ms
[2025-08-10 11:08:13] info: OPTIONS /login 204 - 1.44ms
[2025-08-10 11:08:13] warn: POST /login 401 - 2.64ms
[2025-08-10 11:08:15] info: POST /login 200 - 11.39ms
[2025-08-10 11:08:15] info: GET /items 304 - 7.07ms
[2025-08-10 11:08:15] info: OPTIONS /items 204 - 1.47ms
[2025-08-10 11:08:15] info: POST /items 201 - 1.74ms
[2025-08-10 11:08:15] info: GET /items 200 - 5.94ms
[2025-08-10 11:08:44] info: OPTIONS /login 204 - 1.02ms
[2025-08-10 11:08:44] warn: POST /login 401 - 84.24ms
[2025-08-10 11:08:45] info: POST /login 200 - 7.73ms
[2025-08-10 11:08:45] info: GET /items 304 - 8.07ms
[2025-08-10 11:08:45] info: OPTIONS /items 204 - 1.53ms
[2025-08-10 11:08:45] info: POST /items 201 - 1.96ms
[2025-08-10 11:08:45] info: GET /items 200 - 7.86ms
[2025-08-10 11:09:33] info: OPTIONS /login 204 - 1.03ms
[2025-08-10 11:09:34] warn: POST /login 401 - 2.47ms
[2025-08-10 11:09:35] info: POST /login 200 - 5.74ms
[2025-08-10 11:09:35] info: GET /items 304 - 4.08ms
[2025-08-10 11:09:35] info: OPTIONS /items 204 - 1.39ms
[2025-08-10 11:09:35] info: POST /items 201 - 1.76ms
[2025-08-10 11:09:35] info: GET /items 200 - 7.52ms
[2025-08-10 11:10:36] info: OPTIONS /login 204 - 1.34ms
[2025-08-10 11:10:36] warn: POST /login 401 - 7.17ms
[2025-08-10 11:10:41] info: OPTIONS /login 204 - 1.29ms
[2025-08-10 11:10:41] info: POST /login 200 - 14.52ms
[2025-08-10 11:10:41] info: GET /items 304 - 9.72ms
[2025-08-10 11:10:42] info: OPTIONS /items 204 - 3.49ms
[2025-08-10 11:10:42] info: POST /items 201 - 2.96ms
[2025-08-10 11:10:42] info: GET /items 200 - 8.51ms
[2025-08-10 11:12:16] info: OPTIONS /login 204 - 1.20ms
[2025-08-10 11:12:16] warn: POST /login 401 - 5.43ms
[2025-08-10 11:12:18] info: POST /login 200 - 6.45ms
[2025-08-10 11:12:18] info: GET /items 304 - 17.26ms
[2025-08-10 11:12:18] info: OPTIONS /items 204 - 1.23ms
[2025-08-10 11:12:18] info: POST /items 201 - 1.88ms
[2025-08-10 11:12:18] info: GET /items 200 - 34.49ms
[2025-08-10 11:12:23] info: GET /items 200 - 130.88ms
[2025-08-10 11:13:11] info: OPTIONS /items/21 204 - 0.81ms
[2025-08-10 11:13:11] info: DELETE /items/21 204 - 0.95ms
[2025-08-10 11:13:11] info: GET /items 200 - 5.31ms
[2025-08-10 11:13:14] info: OPTIONS /items/20 204 - 3.10ms
[2025-08-10 11:13:14] info: DELETE /items/20 204 - 1.39ms
[2025-08-10 11:13:14] info: GET /items 200 - 5.24ms
[2025-08-10 11:13:15] info: OPTIONS /items/19 204 - 3.57ms
[2025-08-10 11:13:15] info: DELETE /items/19 204 - 1.64ms
[2025-08-10 11:13:15] info: GET /items 200 - 6.07ms
[2025-08-10 11:15:10] info: OPTIONS /login 204 - 1.05ms
[2025-08-10 11:15:11] warn: POST /login 401 - 76.93ms
[2025-08-10 11:15:12] info: POST /login 200 - 6.98ms
[2025-08-10 11:15:12] info: GET /items 200 - 5.67ms
[2025-08-10 11:15:12] info: OPTIONS /items 204 - 1.61ms
[2025-08-10 11:15:12] info: POST /items 201 - 2.07ms
[2025-08-10 11:15:12] info: GET /items 200 - 15.11ms
[2025-08-10 11:15:25] info: OPTIONS /login 204 - 1.21ms
[2025-08-10 11:15:25] warn: POST /login 401 - 20.67ms
[2025-08-10 11:15:27] info: POST /login 200 - 55.44ms
[2025-08-10 11:15:28] info: GET /items 304 - 13.93ms
[2025-08-10 11:15:28] info: OPTIONS /items 204 - 1.37ms
[2025-08-10 11:15:28] info: POST /items 201 - 1.89ms
[2025-08-10 11:15:28] info: GET /items 200 - 15.65ms
[2025-08-10 11:16:23] info: OPTIONS /login 204 - 1.13ms
[2025-08-10 11:16:23] warn: POST /login 401 - 20.03ms
[2025-08-10 11:16:25] info: POST /login 200 - 10.13ms
[2025-08-10 11:16:26] info: GET /items 304 - 18.43ms
[2025-08-10 11:16:26] info: OPTIONS /items 204 - 1.12ms
[2025-08-10 11:16:26] info: POST /items 201 - 2.31ms
[2025-08-10 11:16:26] info: GET /items 200 - 6.94ms
[2025-08-10 11:17:16] info: OPTIONS /login 204 - 1.85ms
[2025-08-10 11:17:16] warn: POST /login 401 - 4.46ms
[2025-08-10 11:17:18] info: POST /login 200 - 206.44ms
[2025-08-10 11:17:19] info: GET /items 304 - 20.71ms
[2025-08-10 11:17:19] info: OPTIONS /items 204 - 1.04ms
[2025-08-10 11:17:19] info: POST /items 201 - 5.98ms
[2025-08-10 11:17:19] info: GET /items 200 - 66.36ms
[2025-08-10 11:20:38] info: OPTIONS /login 204 - 1.26ms
[2025-08-10 11:20:39] warn: POST /login 401 - 9.02ms
[2025-08-10 11:20:41] info: POST /login 200 - 112.48ms
[2025-08-10 11:20:41] info: GET /items 304 - 113.06ms
[2025-08-10 11:20:41] info: OPTIONS /items 204 - 6.93ms
[2025-08-10 11:20:41] info: POST /items 201 - 2.67ms
[2025-08-10 11:20:41] info: GET /items 200 - 92.87ms
[2025-08-10 11:23:17] info: OPTIONS /login 204 - 1.51ms
[2025-08-10 11:23:17] warn: POST /login 401 - 2.50ms
[2025-08-10 11:23:19] info: POST /login 200 - 49.61ms
[2025-08-10 11:23:19] info: GET /items 304 - 53.95ms
[2025-08-10 11:23:19] info: OPTIONS /items 204 - 1.13ms
[2025-08-10 11:23:19] info: POST /items 201 - 1.51ms
[2025-08-10 11:23:20] info: GET /items 200 - 53.27ms
[2025-08-10 11:23:54] info: OPTIONS /login 204 - 1.17ms
[2025-08-10 11:23:54] warn: POST /login 401 - 6.18ms
[2025-08-10 11:23:56] info: POST /login 200 - 5.99ms
[2025-08-10 11:23:56] info: GET /items 304 - 11.19ms
[2025-08-10 11:23:56] info: OPTIONS /items 204 - 1.21ms
[2025-08-10 11:23:56] info: POST /items 201 - 1.79ms
[2025-08-10 11:23:56] info: GET /items 200 - 15.34ms
[2025-08-10 11:26:24] info: OPTIONS /login 204 - 1.74ms
[2025-08-10 11:26:25] warn: POST /login 401 - 22.31ms
[2025-08-10 11:26:26] info: POST /login 200 - 22.59ms
[2025-08-10 11:26:26] info: GET /items 304 - 24.82ms
[2025-08-10 11:26:27] info: OPTIONS /items 204 - 0.99ms
[2025-08-10 11:26:27] info: POST /items 201 - 1.81ms
[2025-08-10 11:26:27] info: GET /items 200 - 16.64ms
[2025-08-10 11:29:11] info: OPTIONS /login 204 - 9.55ms
[2025-08-10 11:29:11] warn: POST /login 401 - 36.50ms
[2025-08-10 11:29:12] info: POST /login 200 - 11.55ms
[2025-08-10 11:29:12] info: GET /items 200 - 10.05ms
[2025-08-10 11:29:13] info: OPTIONS /items 204 - 1.52ms
[2025-08-10 11:29:13] info: POST /items 201 - 4.68ms
[2025-08-10 11:29:13] info: GET /items 200 - 6.01ms
[2025-08-10 11:31:13] info: OPTIONS /login 204 - 1.87ms
[2025-08-10 11:31:13] warn: POST /login 401 - 5.87ms
[2025-08-10 11:31:14] info: POST /login 200 - 7.68ms
[2025-08-10 11:31:14] info: GET /items 304 - 24.43ms
[2025-08-10 11:31:15] info: OPTIONS /items 204 - 1.09ms
[2025-08-10 11:31:15] info: POST /items 201 - 2.96ms
[2025-08-10 11:31:15] info: GET /items 200 - 13.13ms
[2025-08-10 11:33:59] info: OPTIONS /login 204 - 1.72ms
[2025-08-10 11:33:59] warn: POST /login 401 - 3.27ms
[2025-08-10 11:34:01] info: POST /login 200 - 4.82ms
[2025-08-10 11:34:01] info: GET /items 304 - 25.32ms
[2025-08-10 11:34:01] info: OPTIONS /items 204 - 3.58ms
[2025-08-10 11:34:01] info: POST /items 201 - 3.64ms
[2025-08-10 11:34:01] info: GET /items 200 - 9.02ms
[2025-08-10 11:34:35] info: OPTIONS /login 204 - 1.32ms
[2025-08-10 11:34:35] warn: POST /login 401 - 22.15ms
[2025-08-10 11:34:36] info: POST /login 200 - 6.05ms
[2025-08-10 11:34:36] info: GET /items 304 - 47.45ms
[2025-08-10 11:34:37] info: OPTIONS /items 204 - 0.95ms
[2025-08-10 11:34:37] info: POST /items 201 - 3.21ms
[2025-08-10 11:34:37] info: GET /items 200 - 11.87ms
[2025-08-10 11:35:01] info: OPTIONS /login 204 - 1.07ms
[2025-08-10 11:35:01] warn: POST /login 401 - 7.02ms
[2025-08-10 11:35:02] info: POST /login 200 - 5.86ms
[2025-08-10 11:35:02] info: GET /items 304 - 14.84ms
[2025-08-10 11:35:03] info: OPTIONS /items 204 - 2.72ms
[2025-08-10 11:35:03] info: POST /items 201 - 3.73ms
[2025-08-10 11:35:03] info: GET /items 200 - 21.73ms
[2025-08-10 11:35:28] info: OPTIONS /login 204 - 0.95ms
[2025-08-10 11:35:28] warn: POST /login 401 - 7.37ms
[2025-08-10 11:35:29] info: POST /login 200 - 6.40ms
[2025-08-10 11:35:29] info: GET /items 304 - 10.61ms
[2025-08-10 11:35:29] info: OPTIONS /items 204 - 2.22ms
[2025-08-10 11:35:29] info: POST /items 201 - 2.14ms
[2025-08-10 11:35:29] info: GET /items 200 - 8.64ms
[2025-08-10 11:37:03] info: GET /items 304 - 36.84ms
[2025-08-10 11:37:04] info: GET /items 200 - 5.96ms
[2025-08-10 11:37:13] info: OPTIONS /login 204 - 1.73ms
[2025-08-10 11:37:13] warn: POST /login 401 - 4.25ms
[2025-08-10 11:37:15] info: POST /login 200 - 10.09ms
[2025-08-10 11:37:15] info: GET /items 304 - 4.40ms
[2025-08-10 11:37:15] info: OPTIONS /items 204 - 0.99ms
[2025-08-10 11:37:15] info: POST /items 201 - 1.95ms
[2025-08-10 11:37:15] info: GET /items 200 - 7.90ms
[2025-08-10 11:37:39] info: OPTIONS /login 204 - 0.94ms
[2025-08-10 11:37:39] warn: POST /login 401 - 5.19ms
[2025-08-10 11:37:41] info: POST /login 200 - 5.38ms
[2025-08-10 11:37:41] info: GET /items 304 - 7.03ms
[2025-08-10 11:37:41] info: OPTIONS /items 204 - 1.33ms
[2025-08-10 11:37:41] info: POST /items 201 - 1.97ms
[2025-08-10 11:37:41] info: GET /items 200 - 16.03ms
[2025-08-10 11:41:08] info: OPTIONS /login 204 - 1.02ms
[2025-08-10 11:41:08] warn: POST /login 401 - 3.20ms
[2025-08-10 11:41:09] info: POST /login 200 - 5.73ms
[2025-08-10 11:41:09] info: GET /items 304 - 7.86ms
[2025-08-10 11:41:10] info: OPTIONS /items 204 - 2.08ms
[2025-08-10 11:41:10] info: POST /items 201 - 3.20ms
[2025-08-10 11:41:10] info: GET /items 200 - 14.66ms
[2025-08-10 11:41:40] info: OPTIONS /login 204 - 1.25ms
[2025-08-10 11:41:40] warn: POST /login 401 - 5.17ms
[2025-08-10 11:41:41] info: POST /login 200 - 10.82ms
[2025-08-10 11:41:41] info: GET /items 304 - 6.50ms
[2025-08-10 11:41:41] info: OPTIONS /items 204 - 1.94ms
[2025-08-10 11:41:41] info: POST /items 201 - 2.02ms
[2025-08-10 11:41:41] info: GET /items 200 - 6.76ms
[2025-08-10 11:42:13] info: OPTIONS /login 204 - 1.43ms
[2025-08-10 11:42:14] warn: POST /login 401 - 6.08ms
[2025-08-10 11:42:15] info: POST /login 200 - 8.98ms
[2025-08-10 11:42:15] info: GET /items 304 - 7.63ms
[2025-08-10 11:42:15] info: OPTIONS /items 204 - 3.96ms
[2025-08-10 11:42:15] info: POST /items 201 - 2.68ms
[2025-08-10 11:42:16] info: GET /items 200 - 6.53ms
[2025-08-10 11:42:32] info: OPTIONS /login 204 - 2.77ms
[2025-08-10 11:42:32] warn: POST /login 401 - 7.58ms
[2025-08-10 11:42:34] info: POST /login 200 - 9.77ms
[2025-08-10 11:42:34] info: GET /items 304 - 5.38ms
[2025-08-10 11:42:34] info: OPTIONS /items 204 - 2.02ms
[2025-08-10 11:42:34] info: POST /items 201 - 1.92ms
[2025-08-10 11:42:34] info: GET /items 200 - 21.67ms
[2025-08-10 11:43:30] info: OPTIONS /login 204 - 0.86ms
[2025-08-10 11:43:30] warn: POST /login 401 - 6.03ms
[2025-08-10 11:43:32] info: POST /login 200 - 6.17ms
[2025-08-10 11:43:32] info: GET /items 304 - 7.54ms
[2025-08-10 11:43:32] info: OPTIONS /items 204 - 1.65ms
[2025-08-10 11:43:32] info: POST /items 201 - 1.78ms
[2025-08-10 11:43:32] info: GET /items 200 - 20.00ms
[2025-08-10 11:44:20] info: OPTIONS /login 204 - 0.81ms
[2025-08-10 11:44:20] warn: POST /login 401 - 4.50ms
[2025-08-10 11:44:21] info: POST /login 200 - 5.80ms
[2025-08-10 11:44:21] info: GET /items 304 - 5.08ms
[2025-08-10 11:44:21] info: OPTIONS /items 204 - 1.70ms
[2025-08-10 11:44:21] info: POST /items 201 - 1.95ms
[2025-08-10 11:44:21] info: GET /items 200 - 8.18ms
[2025-08-10 11:44:32] info: OPTIONS /login 204 - 0.77ms
[2025-08-10 11:44:32] warn: POST /login 401 - 8.03ms
[2025-08-10 11:44:33] info: POST /login 200 - 4.35ms
[2025-08-10 11:44:33] info: GET /items 304 - 6.17ms
[2025-08-10 11:44:33] info: OPTIONS /items 204 - 2.14ms
[2025-08-10 11:44:33] info: POST /items 201 - 2.13ms
[2025-08-10 11:44:34] info: GET /items 200 - 5.96ms
[2025-08-10 11:44:34] info: OPTIONS /items/2 204 - 2.34ms
[2025-08-10 11:44:34] info: PUT /items/2 200 - 2.97ms
[2025-08-10 11:44:34] info: GET /items 200 - 18.28ms
[2025-08-10 11:44:53] info: OPTIONS /login 204 - 1.02ms
[2025-08-10 11:44:53] warn: POST /login 401 - 2.65ms
[2025-08-10 11:44:55] info: POST /login 200 - 5.75ms
[2025-08-10 11:44:55] info: GET /items 304 - 24.59ms
[2025-08-10 11:44:55] info: OPTIONS /items 204 - 1.36ms
[2025-08-10 11:44:55] info: POST /items 201 - 3.10ms
[2025-08-10 11:44:55] info: GET /items 200 - 7.60ms
[2025-08-10 11:44:56] info: OPTIONS /items/2 204 - 1.14ms
[2025-08-10 11:44:56] info: PUT /items/2 200 - 2.02ms
[2025-08-10 11:44:56] info: GET /items 304 - 13.66ms
[2025-08-10 11:44:56] info: DELETE /items/2 204 - 1.37ms
[2025-08-10 11:44:56] info: GET /items 200 - 10.24ms
[2025-08-10 11:45:03] info: OPTIONS /login 204 - 2.05ms
[2025-08-10 11:45:04] warn: POST /login 401 - 10.58ms
[2025-08-10 11:45:05] info: POST /login 200 - 7.56ms
[2025-08-10 11:45:05] info: GET /items 304 - 6.45ms
[2025-08-10 11:45:05] info: OPTIONS /items 204 - 1.77ms
[2025-08-10 11:45:05] info: POST /items 201 - 1.83ms
[2025-08-10 11:45:05] info: GET /items 200 - 6.48ms
[2025-08-10 11:45:20] info: OPTIONS /login 204 - 0.76ms
[2025-08-10 11:45:20] warn: POST /login 401 - 4.20ms
[2025-08-10 11:45:21] info: POST /login 200 - 6.72ms
[2025-08-10 11:45:21] info: GET /items 304 - 5.65ms
[2025-08-10 11:45:22] info: OPTIONS /items 204 - 3.24ms
[2025-08-10 11:45:22] info: POST /items 201 - 2.70ms
[2025-08-10 11:45:22] info: GET /items 200 - 5.06ms
[2025-08-10 11:45:45] info: OPTIONS /login 204 - 14.22ms
[2025-08-10 11:45:45] warn: POST /login 401 - 38.62ms
[2025-08-10 11:45:46] info: POST /login 200 - 12.07ms
[2025-08-10 11:45:46] info: GET /items 200 - 11.24ms
[2025-08-10 11:45:46] info: OPTIONS /items 204 - 1.61ms
[2025-08-10 11:45:46] info: POST /items 201 - 4.32ms
[2025-08-10 11:45:46] info: GET /items 200 - 8.29ms
[2025-08-10 11:45:56] info: OPTIONS /login 204 - 3.25ms
[2025-08-10 11:45:56] warn: POST /login 401 - 4.46ms
[2025-08-10 11:45:57] info: POST /login 200 - 8.56ms
[2025-08-10 11:45:57] info: GET /items 304 - 9.55ms
[2025-08-10 11:45:57] info: OPTIONS /items 204 - 1.05ms
[2025-08-10 11:45:57] info: POST /items 201 - 3.14ms
[2025-08-10 11:45:57] info: GET /items 200 - 7.93ms
[2025-08-10 11:45:58] info: OPTIONS /items/2 204 - 1.85ms
[2025-08-10 11:45:58] info: PUT /items/2 200 - 3.71ms
[2025-08-10 11:45:58] info: GET /items 200 - 5.70ms
[2025-08-10 11:45:58] info: DELETE /items/2 204 - 1.89ms
[2025-08-10 11:45:58] info: GET /items 200 - 5.00ms
[2025-08-10 11:46:06] info: OPTIONS /login 204 - 1.75ms
[2025-08-10 11:46:06] warn: POST /login 401 - 3.93ms
[2025-08-10 11:46:07] info: POST /login 200 - 6.49ms
[2025-08-10 11:46:07] info: GET /items 304 - 8.12ms
[2025-08-10 11:46:08] info: OPTIONS /items 204 - 1.53ms
[2025-08-10 11:46:08] info: POST /items 201 - 3.13ms
[2025-08-10 11:46:08] info: GET /items 200 - 8.80ms
[2025-08-10 11:46:16] info: OPTIONS /login 204 - 1.29ms
[2025-08-10 11:46:16] warn: POST /login 401 - 2.16ms
[2025-08-10 11:46:18] info: POST /login 200 - 4.56ms
[2025-08-10 11:46:18] info: GET /items 304 - 5.80ms
[2025-08-10 11:46:18] info: OPTIONS /items 204 - 0.70ms
[2025-08-10 11:46:18] info: POST /items 201 - 3.18ms
[2025-08-10 11:46:18] info: GET /items 200 - 7.46ms
[2025-08-10 11:46:31] info: OPTIONS /login 204 - 0.89ms
[2025-08-10 11:46:32] warn: POST /login 401 - 4.15ms
[2025-08-10 11:46:33] info: POST /login 200 - 5.80ms
[2025-08-10 11:46:33] info: GET /items 304 - 8.79ms
[2025-08-10 11:46:33] info: OPTIONS /items 204 - 1.73ms
[2025-08-10 11:46:33] info: POST /items 201 - 2.40ms
[2025-08-10 11:46:33] info: GET /items 200 - 12.47ms
[2025-08-10 11:46:34] info: OPTIONS /items/1 204 - 1.41ms
[2025-08-10 11:46:34] info: PUT /items/1 200 - 1.80ms
[2025-08-10 11:46:34] info: GET /items 200 - 59.39ms
[2025-08-10 11:46:36] warn: POST /login 401 - 5.84ms
[2025-08-10 11:46:37] info: OPTIONS /login 204 - 1.43ms
[2025-08-10 11:46:37] info: POST /login 200 - 8.35ms
[2025-08-10 11:46:37] info: GET /items 304 - 13.13ms
[2025-08-10 11:46:38] info: POST /items 201 - 2.63ms
[2025-08-10 11:46:38] info: GET /items 200 - 10.41ms
[2025-08-10 11:46:39] info: PUT /items/1 200 - 2.53ms
[2025-08-10 11:46:39] info: GET /items 304 - 5.27ms
[2025-08-10 11:46:39] info: DELETE /items/1 204 - 1.35ms
[2025-08-10 11:46:39] info: GET /items 200 - 9.34ms
[2025-08-10 11:46:44] info: OPTIONS /login 204 - 1.02ms
[2025-08-10 11:46:44] warn: POST /login 401 - 1.94ms
[2025-08-10 11:46:46] info: POST /login 200 - 12.06ms
[2025-08-10 11:46:46] info: GET /items 304 - 13.63ms
[2025-08-10 11:46:46] info: OPTIONS /items 204 - 3.45ms
[2025-08-10 11:46:46] info: POST /items 201 - 2.10ms
[2025-08-10 11:46:46] info: GET /items 200 - 6.23ms
[2025-08-10 11:47:12] info: OPTIONS /login 204 - 16.40ms
[2025-08-10 11:47:12] warn: POST /login 401 - 28.37ms
[2025-08-10 11:47:13] info: POST /login 200 - 9.03ms
[2025-08-10 11:47:13] info: GET /items 200 - 9.15ms
[2025-08-10 11:47:14] info: OPTIONS /items 204 - 1.97ms
[2025-08-10 11:47:14] info: POST /items 201 - 3.31ms
[2025-08-10 11:47:14] info: GET /items 200 - 6.85ms
[2025-08-10 11:47:14] info: OPTIONS /items/1 204 - 1.77ms
[2025-08-10 11:47:14] info: PUT /items/1 200 - 4.59ms
[2025-08-10 11:47:14] info: GET /items 200 - 5.66ms
[2025-08-10 11:47:14] info: DELETE /items/1 204 - 2.41ms
[2025-08-10 11:47:14] info: GET /items 200 - 14.50ms
[2025-08-10 11:47:31] info: OPTIONS /login 204 - 1.84ms
[2025-08-10 11:47:31] warn: POST /login 401 - 4.45ms
[2025-08-10 11:47:32] info: POST /login 200 - 5.57ms
[2025-08-10 11:47:32] info: GET /items 304 - 12.49ms
[2025-08-10 11:47:33] info: OPTIONS /items 204 - 3.91ms
[2025-08-10 11:47:33] info: POST /items 201 - 3.95ms
[2025-08-10 11:47:33] info: GET /items 200 - 5.22ms
[2025-08-10 11:50:44] info: OPTIONS /login 204 - 1.19ms
[2025-08-10 11:50:45] warn: POST /login 401 - 6.61ms
[2025-08-10 11:50:46] info: POST /login 200 - 7.58ms
[2025-08-10 11:50:46] info: GET /items 304 - 15.93ms
[2025-08-10 11:50:46] info: OPTIONS /items 204 - 1.38ms
[2025-08-10 11:50:46] info: POST /items 201 - 2.70ms
[2025-08-10 11:50:46] info: GET /items 200 - 9.75ms
[2025-08-10 11:50:56] info: OPTIONS /login 204 - 1.48ms
[2025-08-10 11:50:56] warn: POST /login 401 - 6.00ms
[2025-08-10 11:50:57] info: POST /login 200 - 8.86ms
[2025-08-10 11:50:57] info: GET /items 304 - 5.34ms
[2025-08-10 11:50:57] info: OPTIONS /items 204 - 2.48ms
[2025-08-10 11:50:57] info: POST /items 201 - 2.72ms
[2025-08-10 11:50:57] info: GET /items 200 - 11.76ms
[2025-08-10 11:53:42] info: OPTIONS /login 204 - 1.09ms
[2025-08-10 11:53:42] warn: POST /login 401 - 4.19ms
[2025-08-10 11:53:43] info: POST /login 200 - 18.55ms
[2025-08-10 11:53:43] info: GET /items 304 - 8.99ms
[2025-08-10 11:53:44] info: OPTIONS /items 204 - 1.48ms
[2025-08-10 11:53:44] info: POST /items 201 - 2.07ms
[2025-08-10 11:53:44] info: GET /items 200 - 60.41ms
[2025-08-10 11:53:57] info: OPTIONS /login 204 - 2.19ms
[2025-08-10 11:53:57] warn: POST /login 401 - 2.36ms
[2025-08-10 11:53:58] info: POST /login 200 - 16.41ms
[2025-08-10 11:53:58] info: GET /items 304 - 5.98ms
[2025-08-10 11:53:59] info: OPTIONS /items 204 - 1.14ms
[2025-08-10 11:53:59] info: POST /items 201 - 2.01ms
[2025-08-10 11:53:59] info: GET /items 200 - 10.39ms
[2025-08-10 11:54:43] info: OPTIONS /login 204 - 1.00ms
[2025-08-10 11:54:43] warn: POST /login 401 - 16.26ms
[2025-08-10 11:54:45] info: POST /login 200 - 83.60ms
[2025-08-10 11:54:45] info: GET /items 304 - 57.17ms
[2025-08-10 11:54:46] info: OPTIONS /items 204 - 1.41ms
[2025-08-10 11:54:46] info: POST /items 201 - 1.77ms
[2025-08-10 11:54:46] info: GET /items 200 - 14.99ms
[2025-08-10 11:55:47] info: OPTIONS /login 204 - 1.08ms
[2025-08-10 11:55:48] warn: POST /login 401 - 64.84ms
[2025-08-10 11:55:50] info: POST /login 200 - 8.53ms
[2025-08-10 11:55:50] info: GET /items 304 - 31.42ms
[2025-08-10 11:55:50] info: OPTIONS /items 204 - 1.36ms
[2025-08-10 11:55:50] info: POST /items 201 - 2.20ms
[2025-08-10 11:55:50] info: GET /items 200 - 26.94ms
[2025-08-10 11:56:40] info: OPTIONS /login 204 - 1.41ms
[2025-08-10 11:56:40] warn: POST /login 401 - 37.82ms
[2025-08-10 11:56:42] info: POST /login 200 - 14.33ms
[2025-08-10 11:56:42] info: GET /items 304 - 7.77ms
[2025-08-10 11:56:42] info: OPTIONS /items 204 - 1.04ms
[2025-08-10 11:56:42] info: POST /items 201 - 2.16ms
[2025-08-10 11:56:42] info: GET /items 200 - 8.30ms
[2025-08-10 11:56:43] info: OPTIONS /items/2 204 - 2.15ms
[2025-08-10 11:56:43] info: PUT /items/2 200 - 2.65ms
[2025-08-10 11:56:43] info: GET /items 200 - 13.85ms
[2025-08-10 11:56:49] info: OPTIONS /login 204 - 1.30ms
[2025-08-10 11:56:49] warn: POST /login 401 - 3.78ms
[2025-08-10 11:56:51] info: POST /login 200 - 11.56ms
[2025-08-10 11:56:51] info: GET /items 304 - 9.00ms
[2025-08-10 11:56:51] info: OPTIONS /items 204 - 2.15ms
[2025-08-10 11:56:52] info: POST /items 201 - 2.50ms
[2025-08-10 11:56:52] info: GET /items 200 - 17.65ms
[2025-08-10 11:56:52] info: OPTIONS /items/2 204 - 1.20ms
[2025-08-10 11:56:52] info: PUT /items/2 200 - 2.79ms
[2025-08-10 11:56:52] info: GET /items 304 - 26.75ms
[2025-08-10 11:56:52] info: DELETE /items/2 204 - 1.41ms
[2025-08-10 11:56:53] info: GET /items 200 - 36.88ms
[2025-08-10 11:56:59] info: OPTIONS /login 204 - 1.27ms
[2025-08-10 11:56:59] warn: POST /login 401 - 2.64ms
[2025-08-10 11:57:00] info: POST /login 200 - 39.60ms
[2025-08-10 11:57:00] info: GET /items 304 - 9.90ms
[2025-08-10 11:57:01] info: OPTIONS /items 204 - 1.55ms
[2025-08-10 11:57:01] info: POST /items 201 - 2.54ms
[2025-08-10 11:57:01] info: GET /items 200 - 28.99ms
[2025-08-10 11:57:01] info: OPTIONS /items/3 204 - 1.52ms
[2025-08-10 11:57:01] info: PUT /items/3 200 - 1.87ms
[2025-08-10 11:57:01] info: GET /items 200 - 7.70ms
[2025-08-10 11:57:02] info: DELETE /items/3 204 - 1.26ms
[2025-08-10 11:57:02] info: GET /items 200 - 9.96ms
[2025-08-10 11:57:07] info: OPTIONS /login 204 - 2.58ms
[2025-08-10 11:57:08] warn: POST /login 401 - 3.39ms
[2025-08-10 11:57:09] info: POST /login 200 - 6.87ms
[2025-08-10 11:57:09] info: GET /items 304 - 8.55ms
[2025-08-10 11:57:10] info: OPTIONS /items 204 - 1.83ms
[2025-08-10 11:57:10] info: POST /items 201 - 2.10ms
[2025-08-10 11:57:10] info: GET /items 200 - 14.73ms
[2025-08-10 11:57:10] info: OPTIONS /items/4 204 - 1.53ms
[2025-08-10 11:57:11] info: PUT /items/4 200 - 1.98ms
[2025-08-10 11:57:11] info: GET /items 200 - 10.39ms
[2025-08-10 11:57:11] info: DELETE /items/4 204 - 1.26ms
[2025-08-10 11:57:11] info: GET /items 200 - 6.79ms
[2025-08-10 11:57:32] info: OPTIONS /items/1 204 - 1.33ms
[2025-08-10 11:57:32] warn: DELETE /items/1 404 - 1.35ms
[2025-08-10 11:57:33] warn: DELETE /items/1 404 - 1.86ms
[2025-08-10 11:57:35] info: OPTIONS /items/2 204 - 4.66ms
[2025-08-10 11:57:35] warn: DELETE /items/2 404 - 1.82ms
[2025-08-10 11:57:38] warn: GET /items 401 - 99.62ms
[2025-08-10 11:57:44] info: OPTIONS /login 204 - 0.95ms
[2025-08-10 11:57:44] info: POST /login 200 - 15.61ms
[2025-08-10 11:57:44] info: GET /items 200 - 9.58ms
[2025-08-10 11:57:45] info: OPTIONS /items/5 204 - 3.16ms
[2025-08-10 11:57:45] info: DELETE /items/5 204 - 1.55ms
[2025-08-10 11:57:45] info: GET /items 200 - 6.79ms
[2025-08-10 11:57:47] info: OPTIONS /items/6 204 - 2.46ms
[2025-08-10 11:57:47] info: DELETE /items/6 204 - 2.49ms
[2025-08-10 11:57:47] info: GET /items 200 - 5.47ms
[2025-08-10 11:57:48] info: OPTIONS /items/7 204 - 2.58ms
[2025-08-10 11:57:48] info: DELETE /items/7 204 - 2.06ms
[2025-08-10 11:57:48] info: GET /items 200 - 16.17ms
[2025-08-10 11:57:48] info: OPTIONS /items/8 204 - 1.25ms
[2025-08-10 11:57:48] info: DELETE /items/8 204 - 0.99ms
[2025-08-10 11:57:48] info: GET /items 200 - 7.51ms
[2025-08-10 11:57:59] info: OPTIONS /items/9 204 - 2.25ms
[2025-08-10 11:57:59] info: PUT /items/9 200 - 2.87ms
[2025-08-10 11:57:59] info: GET /items 200 - 5.12ms
[2025-08-10 11:58:02] info: DELETE /items/9 204 - 3.31ms
[2025-08-10 11:58:02] info: GET /items 200 - 8.88ms
[2025-08-10 11:58:03] info: OPTIONS /items/10 204 - 3.82ms
[2025-08-10 11:58:03] info: DELETE /items/10 204 - 1.91ms
[2025-08-10 11:58:03] info: GET /items 200 - 8.31ms
[2025-08-10 11:58:04] info: OPTIONS /items/11 204 - 1.59ms
[2025-08-10 11:58:04] info: DELETE /items/11 204 - 1.81ms
[2025-08-10 11:58:04] info: GET /items 200 - 7.36ms
[2025-08-10 11:58:05] info: OPTIONS /items/12 204 - 3.26ms
[2025-08-10 11:58:05] info: DELETE /items/12 204 - 1.44ms
[2025-08-10 11:58:05] info: GET /items 200 - 5.63ms
[2025-08-10 11:58:41] info: OPTIONS /login 204 - 1.12ms
[2025-08-10 11:58:41] warn: POST /login 401 - 80.49ms
[2025-08-10 11:58:44] info: POST /login 200 - 39.91ms
[2025-08-10 11:58:44] info: GET /items 200 - 117.02ms
[2025-08-10 11:58:44] info: OPTIONS /items 204 - 1.41ms
[2025-08-10 11:58:44] info: POST /items 201 - 1.88ms
[2025-08-10 11:58:45] info: GET /items 200 - 31.51ms
[2025-08-10 11:58:46] info: OPTIONS /items/13 204 - 1.11ms
[2025-08-10 11:58:46] info: PUT /items/13 200 - 1.71ms
[2025-08-10 11:58:46] info: GET /items 200 - 13.08ms
[2025-08-10 11:58:46] info: DELETE /items/13 204 - 0.96ms
[2025-08-10 11:58:46] info: GET /items 200 - 12.93ms
[2025-08-10 11:58:52] info: OPTIONS /login 204 - 1.49ms
[2025-08-10 11:58:52] warn: POST /login 401 - 8.41ms
[2025-08-10 11:58:54] warn: POST /login 401 - 2.97ms
[2025-08-10 11:58:56] info: POST /login 200 - 40.49ms
[2025-08-10 11:58:57] info: GET /items 304 - 291.89ms
[2025-08-10 11:58:57] info: OPTIONS /items 204 - 1.10ms
[2025-08-10 11:58:57] info: POST /items 201 - 1.89ms
[2025-08-10 11:58:57] info: GET /items 200 - 14.41ms
[2025-08-10 11:58:58] info: OPTIONS /items/14 204 - 1.23ms
[2025-08-10 11:58:58] info: PUT /items/14 200 - 2.00ms
[2025-08-10 11:58:58] info: GET /items 200 - 15.91ms
[2025-08-10 11:58:58] info: DELETE /items/14 204 - 1.53ms
[2025-08-10 11:58:58] info: GET /items 200 - 33.42ms
[2025-08-10 12:00:55] info: OPTIONS /login 204 - 1.06ms
[2025-08-10 12:00:55] warn: POST /login 401 - 2.46ms
[2025-08-10 12:01:11] info: GET /items 304 - 15.31ms
[2025-08-10 12:01:21] info: GET /items 304 - 40.26ms
[2025-08-10 12:01:22] info: GET /items 304 - 15.09ms
[2025-08-10 12:01:24] info: GET /items 304 - 11.69ms
[2025-08-10 12:01:30] info: OPTIONS /items 204 - 4.41ms
[2025-08-10 12:01:30] info: POST /items 201 - 29.62ms
[2025-08-10 12:01:30] info: GET /items 200 - 6.55ms
[2025-08-10 12:01:34] info: OPTIONS /items/1 204 - 1.55ms
[2025-08-10 12:01:34] info: DELETE /items/1 204 - 1.68ms
[2025-08-10 12:01:34] info: GET /items 200 - 9.68ms
[2025-08-10 12:01:52] info: GET /items 304 - 31.23ms
[2025-08-10 12:01:53] info: GET /items 304 - 39.24ms
[2025-08-10 12:01:57] info: OPTIONS /login 204 - 2.09ms
[2025-08-10 12:01:57] info: POST /login 200 - 41.19ms
[2025-08-10 12:01:57] info: GET /items 304 - 11.72ms
